<?xml version="1.0" encoding="UTF-8"?>
<!-- Generated by org.testng.reporters.JUnitReportReporter -->
<testsuite hostname="LTIN369057" failures="0" tests="10" name="TestCases.TestCase3" time="5.757" errors="0" timestamp="2024-11-06T12:05:40 IST" skipped="0">
  <testcase classname="TestCases.TestCase3" name="clickGiftCardMenu" time="3.321"/>
  <testcase classname="TestCases.TestCase3" name="clickHappyBirthdayCard" time="0.285"/>
  <testcase classname="TestCases.TestCase3" name="EnterNameValue" time="0.311"/>
  <testcase classname="TestCases.TestCase3" name="EnterNumberValue" time="0.329"/>
  <testcase classname="TestCases.TestCase3" name="EnterEmailValue" time="0.357"/>
  <testcase classname="TestCases.TestCase3" name="EnterMessageValue" time="0.135"/>
  <testcase classname="TestCases.TestCase3" name="EnterFromNameValue" time="0.156"/>
  <testcase classname="TestCases.TestCase3" name="EnterFromNumberValue" time="0.222"/>
  <testcase classname="TestCases.TestCase3" name="EnterFromEmailValue" time="0.275"/>
  <testcase classname="TestCases.TestCase3" name="addDenominationValue" time="0.366"/>
</testsuite> <!-- TestCases.TestCase3 -->
