<?xml version="1.0" encoding="UTF-8"?>
<!-- Generated by org.testng.reporters.JUnitReportReporter -->
<testsuite hostname="LTIN369057" failures="0" tests="7" name="TestCases.TestCase1" time="12.007" errors="0" timestamp="2024-11-06T12:05:40 IST" skipped="0">
  <testcase classname="TestCases.TestCase1" name="sendingSearchData" time="0.749"/>
  <testcase classname="TestCases.TestCase1" name="clickingMoreFilter" time="4.410"/>
  <testcase classname="TestCases.TestCase1" name="clickingPriceFilter" time="0.145"/>
  <testcase classname="TestCases.TestCase1" name="sendingPriceRangeFilter" time="2.322"/>
  <testcase classname="TestCases.TestCase1" name="clickingApplyBtn" time="0.179"/>
  <testcase classname="TestCases.TestCase1" name="sortingDropDownClick" time="0.951"/>
  <testcase classname="TestCases.TestCase1" name="customerRatingClick" time="3.251"/>
</testsuite> <!-- TestCases.TestCase1 -->
