<?xml version="1.0" encoding="UTF-8"?>
<!-- Generated by org.testng.reporters.JUnitReportReporter -->
<testsuite hostname="LTIN369057" failures="0" tests="7" name="TestCases.TestCase2" time="41.257" errors="0" timestamp="2024-11-06T12:05:40 IST" skipped="0">
  <testcase classname="TestCases.TestCase2" name="sendingSearchData" time="2.691"/>
  <testcase classname="TestCases.TestCase2" name="filterForPriceMethod" time="33.419"/>
  <testcase classname="TestCases.TestCase2" name="filterforPriceRangeClick" time="0.121"/>
  <testcase classname="TestCases.TestCase2" name="priceRangeValue" time="3.355"/>
  <testcase classname="TestCases.TestCase2" name="clickApplyButton" time="0.203"/>
  <testcase classname="TestCases.TestCase2" name="clickDropDown" time="1.197"/>
  <testcase classname="TestCases.TestCase2" name="sortByCustomersValue" time="0.271"/>
</testsuite> <!-- TestCases.TestCase2 -->
